# JRE version: OpenJDK Runtime Environment (8.0_252-b09) (build 1.8.0_252-b09)
# Java VM: OpenJDK 64-Bit Server VM (25.252-b09 mixed mode linux-aarch64 compressed oops)
Heap:
 PSYoungGen      total 289792K, used 45549K [0x00000000d8000000, 0x00000000ece00000, 0x0000000100000000)
  eden space 244224K, 0% used [0x00000000d8000000,0x00000000d8000000,0x00000000e6e80000)
  from space 45568K, 99% used [0x00000000e6e80000,0x00000000e9afb620,0x00000000e9b00000)
  to   space 38912K, 0% used [0x00000000e9b00000,0x00000000e9b00000,0x00000000ec100000)
 ParOldGen       total 87552K, used 77951K [0x0000000088000000, 0x000000008d580000, 0x00000000d8000000)
  object space 87552K, 89% used [0x0000000088000000,0x000000008cc1feb8,0x000000008d580000)
 Metaspace       used 9019K, capacity 9204K, committed 9472K, reserved 1058816K
  class space    used 907K, capacity 964K, committed 1024K, reserved 1048576K
GC Heap History (17 events):
Event: 0.686 GC heap before
{Heap before GC invocations=1 (full 0):
 PSYoungGen      total 38400K, used 33280K [0x00000000d8000000, 0x00000000daa80000, 0x0000000100000000)
  eden space 33280K, 100% used [0x00000000d8000000,0x00000000da080000,0x00000000da080000)
  from space 5120K, 0% used [0x00000000da580000,0x00000000da580000,0x00000000daa80000)
  to   space 5120K, 0% used [0x00000000da080000,0x00000000da080000,0x00000000da580000)
 ParOldGen       total 87552K, used 0K [0x0000000088000000, 0x000000008d580000, 0x00000000d8000000)
  object space 87552K, 0% used [0x0000000088000000,0x0000000088000000,0x000000008d580000)
 Metaspace       used 8974K, capacity 9140K, committed 9216K, reserved 1056768K
  class space    used 907K, capacity 964K, committed 1024K, reserved 1048576K
Event: 0.693 GC heap after
Heap after GC invocations=1 (full 0):
 PSYoungGen      total 38400K, used 5097K [0x00000000d8000000, 0x00000000daa80000, 0x0000000100000000)
  eden space 33280K, 0% used [0x00000000d8000000,0x00000000d8000000,0x00000000da080000)
  from space 5120K, 99% used [0x00000000da080000,0x00000000da57a5c0,0x00000000da580000)
  to   space 5120K, 0% used [0x00000000da580000,0x00000000da580000,0x00000000daa80000)
 ParOldGen       total 87552K, used 1795K [0x0000000088000000, 0x000000008d580000, 0x00000000d8000000)
  object space 87552K, 2% used [0x0000000088000000,0x00000000881c0e50,0x000000008d580000)
 Metaspace       used 8974K, capacity 9140K, committed 9216K, reserved 1056768K
  class space    used 907K, capacity 964K, committed 1024K, reserved 1048576K
}
Event: 0.961 GC heap before
{Heap before GC invocations=2 (full 0):
 PSYoungGen      total 38400K, used 38377K [0x00000000d8000000, 0x00000000daa80000, 0x0000000100000000)
  eden space 33280K, 100% used [0x00000000d8000000,0x00000000da080000,0x00000000da080000)
  from space 5120K, 99% used [0x00000000da080000,0x00000000da57a5c0,0x00000000da580000)
  to   space 5120K, 0% used [0x00000000da580000,0x00000000da580000,0x00000000daa80000)
 ParOldGen       total 87552K, used 1795K [0x0000000088000000, 0x000000008d580000, 0x00000000d8000000)
  object space 87552K, 2% used [0x0000000088000000,0x00000000881c0e50,0x000000008d580000)
 Metaspace       used 9014K, capacity 9204K, committed 9472K, reserved 1058816K
  class space    used 907K, capacity 964K, committed 1024K, reserved 1048576K
Event: 0.970 GC heap after
Heap after GC invocations=2 (full 0):
 PSYoungGen      total 38400K, used 5097K [0x00000000d8000000, 0x00000000dcb00000, 0x0000000100000000)
  eden space 33280K, 0% used [0x00000000d8000000,0x00000000d8000000,0x00000000da080000)
  from space 5120K, 99% used [0x00000000da580000,0x00000000daa7a720,0x00000000daa80000)
  to   space 5120K, 0% used [0x00000000da080000,0x00000000da080000,0x00000000da580000)
 ParOldGen       total 87552K, used 8277K [0x0000000088000000, 0x000000008d580000, 0x00000000d8000000)
  object space 87552K, 9% used [0x0000000088000000,0x0000000088815608,0x000000008d580000)
 Metaspace       used 9014K, capacity 9204K, committed 9472K, reserved 1058816K
  class space    used 907K, capacity 964K, committed 1024K, reserved 1048576K
}
Event: 1.176 GC heap before
{Heap before GC invocations=3 (full 0):
 PSYoungGen      total 38400K, used 38377K [0x00000000d8000000, 0x00000000dcb00000, 0x0000000100000000)
  eden space 33280K, 100% used [0x00000000d8000000,0x00000000da080000,0x00000000da080000)
  from space 5120K, 99% used [0x00000000da580000,0x00000000daa7a720,0x00000000daa80000)
  to   space 5120K, 0% used [0x00000000da080000,0x00000000da080000,0x00000000da580000)
 ParOldGen       total 87552K, used 8277K [0x0000000088000000, 0x000000008d580000, 0x00000000d8000000)
  object space 87552K, 9% used [0x0000000088000000,0x0000000088815608,0x000000008d580000)
 Metaspace       used 9015K, capacity 9204K, committed 9472K, reserved 1058816K
  class space    used 907K, capacity 964K, committed 1024K, reserved 1048576K
Event: 1.184 GC heap after
Heap after GC invocations=3 (full 0):
 PSYoungGen      total 38400K, used 5106K [0x00000000d8000000, 0x00000000dcb00000, 0x0000000100000000)
  eden space 33280K, 0% used [0x00000000d8000000,0x00000000d8000000,0x00000000da080000)
  from space 5120K, 99% used [0x00000000da080000,0x00000000da57c8c8,0x00000000da580000)
  to   space 5120K, 0% used [0x00000000dc600000,0x00000000dc600000,0x00000000dcb00000)
 ParOldGen       total 87552K, used 14882K [0x0000000088000000, 0x000000008d580000, 0x00000000d8000000)
  object space 87552K, 16% used [0x0000000088000000,0x0000000088e88990,0x000000008d580000)
 Metaspace       used 9015K, capacity 9204K, committed 9472K, reserved 1058816K
  class space    used 907K, capacity 964K, committed 1024K, reserved 1048576K
}
Event: 1.432 GC heap before
{Heap before GC invocations=4 (full 0):
 PSYoungGen      total 38400K, used 38386K [0x00000000d8000000, 0x00000000dcb00000, 0x0000000100000000)
  eden space 33280K, 100% used [0x00000000d8000000,0x00000000da080000,0x00000000da080000)
  from space 5120K, 99% used [0x00000000da080000,0x00000000da57c8c8,0x00000000da580000)
  to   space 5120K, 0% used [0x00000000dc600000,0x00000000dc600000,0x00000000dcb00000)
 ParOldGen       total 87552K, used 14882K [0x0000000088000000, 0x000000008d580000, 0x00000000d8000000)
  object space 87552K, 16% used [0x0000000088000000,0x0000000088e88990,0x000000008d580000)
 Metaspace       used 9015K, capacity 9204K, committed 9472K, reserved 1058816K
  class space    used 907K, capacity 964K, committed 1024K, reserved 1048576K
Event: 1.440 GC heap after
Heap after GC invocations=4 (full 0):
 PSYoungGen      total 71680K, used 5094K [0x00000000d8000000, 0x00000000dcb00000, 0x0000000100000000)
  eden space 66560K, 0% used [0x00000000d8000000,0x00000000d8000000,0x00000000dc100000)
  from space 5120K, 99% used [0x00000000dc600000,0x00000000dcaf9b10,0x00000000dcb00000)
  to   space 5120K, 0% used [0x00000000dc100000,0x00000000dc100000,0x00000000dc600000)
 ParOldGen       total 87552K, used 21227K [0x0000000088000000, 0x000000008d580000, 0x00000000d8000000)
  object space 87552K, 24% used [0x0000000088000000,0x00000000894bac18,0x000000008d580000)
 Metaspace       used 9015K, capacity 9204K, committed 9472K, reserved 1058816K
  class space    used 907K, capacity 964K, committed 1024K, reserved 1048576K
}
Event: 1.855 GC heap before
{Heap before GC invocations=5 (full 0):
 PSYoungGen      total 71680K, used 71654K [0x00000000d8000000, 0x00000000dcb00000, 0x0000000100000000)
  eden space 66560K, 100% used [0x00000000d8000000,0x00000000dc100000,0x00000000dc100000)
  from space 5120K, 99% used [0x00000000dc600000,0x00000000dcaf9b10,0x00000000dcb00000)
  to   space 5120K, 0% used [0x00000000dc100000,0x00000000dc100000,0x00000000dc600000)
 ParOldGen       total 87552K, used 21227K [0x0000000088000000, 0x000000008d580000, 0x00000000d8000000)
  object space 87552K, 24% used [0x0000000088000000,0x00000000894bac18,0x000000008d580000)
 Metaspace       used 9015K, capacity 9204K, committed 9472K, reserved 1058816K
  class space    used 907K, capacity 964K, committed 1024K, reserved 1048576K
Event: 1.869 GC heap after
Heap after GC invocations=5 (full 0):
 PSYoungGen      total 71680K, used 5103K [0x00000000d8000000, 0x00000000e2a00000, 0x0000000100000000)
  eden space 66560K, 0% used [0x00000000d8000000,0x00000000d8000000,0x00000000dc100000)
  from space 5120K, 99% used [0x00000000dc100000,0x00000000dc5fbf30,0x00000000dc600000)
  to   space 20480K, 0% used [0x00000000e1600000,0x00000000e1600000,0x00000000e2a00000)
 ParOldGen       total 87552K, used 36901K [0x0000000088000000, 0x000000008d580000, 0x00000000d8000000)
  object space 87552K, 42% used [0x0000000088000000,0x000000008a409478,0x000000008d580000)
 Metaspace       used 9015K, capacity 9204K, committed 9472K, reserved 1058816K
  class space    used 907K, capacity 964K, committed 1024K, reserved 1048576K
}
Event: 2.235 GC heap before
{Heap before GC invocations=6 (full 0):
 PSYoungGen      total 71680K, used 71663K [0x00000000d8000000, 0x00000000e2a00000, 0x0000000100000000)
  eden space 66560K, 100% used [0x00000000d8000000,0x00000000dc100000,0x00000000dc100000)
  from space 5120K, 99% used [0x00000000dc100000,0x00000000dc5fbf30,0x00000000dc600000)
  to   space 20480K, 0% used [0x00000000e1600000,0x00000000e1600000,0x00000000e2a00000)
 ParOldGen       total 87552K, used 36901K [0x0000000088000000, 0x000000008d580000, 0x00000000d8000000)
  object space 87552K, 42% used [0x0000000088000000,0x000000008a409478,0x000000008d580000)
 Metaspace       used 9015K, capacity 9204K, committed 9472K, reserved 1058816K
  class space    used 907K, capacity 964K, committed 1024K, reserved 1048576K
Event: 2.253 GC heap after
Heap after GC invocations=6 (full 0):
 PSYoungGen      total 145920K, used 20448K [0x00000000d8000000, 0x00000000e3900000, 0x0000000100000000)
  eden space 125440K, 0% used [0x00000000d8000000,0x00000000d8000000,0x00000000dfa80000)
  from space 20480K, 99% used [0x00000000e1600000,0x00000000e29f8178,0x00000000e2a00000)
  to   space 28160K, 0% used [0x00000000dfa80000,0x00000000dfa80000,0x00000000e1600000)
 ParOldGen       total 87552K, used 44587K [0x0000000088000000, 0x000000008d580000, 0x00000000d8000000)
  object space 87552K, 50% used [0x0000000088000000,0x000000008ab8ac28,0x000000008d580000)
 Metaspace       used 9015K, capacity 9204K, committed 9472K, reserved 1058816K
  class space    used 907K, capacity 964K, committed 1024K, reserved 1048576K
}
Event: 2.997 GC heap before
{Heap before GC invocations=7 (full 0):
 PSYoungGen      total 145920K, used 145888K [0x00000000d8000000, 0x00000000e3900000, 0x0000000100000000)
  eden space 125440K, 100% used [0x00000000d8000000,0x00000000dfa80000,0x00000000dfa80000)
  from space 20480K, 99% used [0x00000000e1600000,0x00000000e29f8178,0x00000000e2a00000)
  to   space 28160K, 0% used [0x00000000dfa80000,0x00000000dfa80000,0x00000000e1600000)
 ParOldGen       total 87552K, used 44587K [0x0000000088000000, 0x000000008d580000, 0x00000000d8000000)
  object space 87552K, 50% used [0x0000000088000000,0x000000008ab8ac28,0x000000008d580000)
 Metaspace       used 9015K, capacity 9204K, committed 9472K, reserved 1058816K
  class space    used 907K, capacity 964K, committed 1024K, reserved 1048576K
Event: 3.023 GC heap after
Heap after GC invocations=7 (full 0):
 PSYoungGen      total 153600K, used 28158K [0x00000000d8000000, 0x00000000ec100000, 0x0000000100000000)
  eden space 125440K, 0% used [0x00000000d8000000,0x00000000d8000000,0x00000000dfa80000)
  from space 28160K, 99% used [0x00000000dfa80000,0x00000000e15ff990,0x00000000e1600000)
  to   space 38912K, 0% used [0x00000000e9b00000,0x00000000e9b00000,0x00000000ec100000)
 ParOldGen       total 87552K, used 56211K [0x0000000088000000, 0x000000008d580000, 0x00000000d8000000)
  object space 87552K, 64% used [0x0000000088000000,0x000000008b6e4d28,0x000000008d580000)
 Metaspace       used 9015K, capacity 9204K, committed 9472K, reserved 1058816K
  class space    used 907K, capacity 964K, committed 1024K, reserved 1048576K
}
Event: 3.845 GC heap before
{Heap before GC invocations=8 (full 0):
 PSYoungGen      total 153600K, used 153598K [0x00000000d8000000, 0x00000000ec100000, 0x0000000100000000)
  eden space 125440K, 100% used [0x00000000d8000000,0x00000000dfa80000,0x00000000dfa80000)
  from space 28160K, 99% used [0x00000000dfa80000,0x00000000e15ff990,0x00000000e1600000)
  to   space 38912K, 0% used [0x00000000e9b00000,0x00000000e9b00000,0x00000000ec100000)
 ParOldGen       total 87552K, used 56211K [0x0000000088000000, 0x000000008d580000, 0x00000000d8000000)
  object space 87552K, 64% used [0x0000000088000000,0x000000008b6e4d28,0x000000008d580000)
 Metaspace       used 9017K, capacity 9204K, committed 9472K, reserved 1058816K
  class space    used 907K, capacity 964K, committed 1024K, reserved 1048576K
Event: 3.868 GC heap after
Heap after GC invocations=8 (full 0):
 PSYoungGen      total 283136K, used 38897K [0x00000000d8000000, 0x00000000ece00000, 0x0000000100000000)
  eden space 244224K, 0% used [0x00000000d8000000,0x00000000d8000000,0x00000000e6e80000)
  from space 38912K, 99% used [0x00000000e9b00000,0x00000000ec0fc760,0x00000000ec100000)
  to   space 45568K, 0% used [0x00000000e6e80000,0x00000000e6e80000,0x00000000e9b00000)
 ParOldGen       total 87552K, used 56845K [0x0000000088000000, 0x000000008d580000, 0x00000000d8000000)
  object space 87552K, 64% used [0x0000000088000000,0x000000008b783690,0x000000008d580000)
 Metaspace       used 9017K, capacity 9204K, committed 9472K, reserved 1058816K
  class space    used 907K, capacity 964K, committed 1024K, reserved 1048576K
}
Event: 5.519 GC heap before
{Heap before GC invocations=9 (full 0):
 PSYoungGen      total 283136K, used 283121K [0x00000000d8000000, 0x00000000ece00000, 0x0000000100000000)
  eden space 244224K, 100% used [0x00000000d8000000,0x00000000e6e80000,0x00000000e6e80000)
  from space 38912K, 99% used [0x00000000e9b00000,0x00000000ec0fc760,0x00000000ec100000)
  to   space 45568K, 0% used [0x00000000e6e80000,0x00000000e6e80000,0x00000000e9b00000)
 ParOldGen       total 87552K, used 56845K [0x0000000088000000, 0x000000008d580000, 0x00000000d8000000)
  object space 87552K, 64% used [0x0000000088000000,0x000000008b783690,0x000000008d580000)
 Metaspace       used 9019K, capacity 9204K, committed 9472K, reserved 1058816K
  class space    used 907K, capacity 964K, committed 1024K, reserved 1048576K

